<?xml version="1.0" encoding="UTF-8"?>
<!-- Generated by org.testng.reporters.JUnitXMLReporter -->
<testsuite hostname="lynx" ignored="1" name="ExceptionsTests" tests="1" failures="0" timestamp="31 Aug 2021 16:11:12 GMT" time="9.418" errors="0">
  <testcase name="timeoutTest" time="7.253" classname="com.herokuapp.theinternet.ExceptionsTests"/>
  <testcase name="NotVisibleTest" time="0.0" classname="com.herokuapp.theinternet.ExceptionsTests">
    <ignored/>
  </testcase> <!-- NotVisibleTest -->
</testsuite> <!-- ExceptionsTests -->
